<?xml version="1.0" encoding="UTF-8"?>
<!-- Generated by org.testng.reporters.JUnitXMLReporter -->
<testsuite hostname="mtvl15018c9ec" name="Test" tests="1" failures="1" timestamp="17 Feb 2018 21:59:12 GMT" time="15.247" errors="0">
  <testcase name="searchInElectricGuitarsDepartment" time="10.534" classname="com.hellosign.test.UITests">
    <failure type="org.openqa.selenium.TimeoutException" message="Expected condition failed: waiting for text (&amp;apos;Electronics, Computers &amp;amp; Office&amp;apos;) to be present in element [[FirefoxDriver: firefox on MAC (81f8d444-d140-f647-ae8b-eeaa0c8adc1d)] -&amp;gt; xpath: .//*[@id=&amp;apos;nav-flyout-shopAll&amp;apos;]/div[2]/span[11]] (tried for 10 second(s) with 1000 MILLISECONDS interval)
Build info: version: &amp;apos;3.7.1&amp;apos;, revision: &amp;apos;8a0099a&amp;apos;, time: &amp;apos;2017-11-06T21:01:39.354Z&amp;apos;
System info: host: &amp;apos;mtvl15018c9ec&amp;apos;, ip: &amp;apos;2601:647:4500:ce4c:0:0:0:7f8a&amp;apos;, os.name: &amp;apos;Mac OS X&amp;apos;, os.arch: &amp;apos;x86_64&amp;apos;, os.version: &amp;apos;10.13.3&amp;apos;, java.version: &amp;apos;1.8.0_111&amp;apos;
Driver info: org.openqa.selenium.firefox.FirefoxDriver
Capabilities {acceptInsecureCerts: true, browserName: firefox, browserVersion: 58.0.2, javascriptEnabled: true, moz:accessibilityChecks: false, moz:headless: false, moz:processID: 39749, moz:profile: /var/folders/mb/q238stfx583..., moz:webdriverClick: true, pageLoadStrategy: normal, platform: MAC, platformName: MAC, platformVersion: 17.4.0, rotatable: false, timeouts: {implicit: 0, pageLoad: 300000, script: 30000}}
Session ID: 81f8d444-d140-f647-ae8b-eeaa0c8adc1d">
      <![CDATA[org.openqa.selenium.TimeoutException: Expected condition failed: waiting for text ('Electronics, Computers & Office') to be present in element [[FirefoxDriver: firefox on MAC (81f8d444-d140-f647-ae8b-eeaa0c8adc1d)] -> xpath: .//*[@id='nav-flyout-shopAll']/div[2]/span[11]] (tried for 10 second(s) with 1000 MILLISECONDS interval)
Build info: version: '3.7.1', revision: '8a0099a', time: '2017-11-06T21:01:39.354Z'
System info: host: 'mtvl15018c9ec', ip: '2601:647:4500:ce4c:0:0:0:7f8a', os.name: 'Mac OS X', os.arch: 'x86_64', os.version: '10.13.3', java.version: '1.8.0_111'
Driver info: org.openqa.selenium.firefox.FirefoxDriver
Capabilities {acceptInsecureCerts: true, browserName: firefox, browserVersion: 58.0.2, javascriptEnabled: true, moz:accessibilityChecks: false, moz:headless: false, moz:processID: 39749, moz:profile: /var/folders/mb/q238stfx583..., moz:webdriverClick: true, pageLoadStrategy: normal, platform: MAC, platformName: MAC, platformVersion: 17.4.0, rotatable: false, timeouts: {implicit: 0, pageLoad: 300000, script: 30000}}
Session ID: 81f8d444-d140-f647-ae8b-eeaa0c8adc1d
	at org.openqa.selenium.support.ui.WebDriverWait.timeoutException(WebDriverWait.java:82)
	at org.openqa.selenium.support.ui.FluentWait.until(FluentWait.java:231)
	at com.hellosign.POM.AmazonUI_POM.selectElectricGuitar(AmazonUI_POM.java:85)
	at com.hellosign.test.UITests.searchInElectricGuitarsDepartment(UITests.java:34)
... Removed 24 stack frames]]>
    </failure>
  </testcase> <!-- searchInElectricGuitarsDepartment -->
</testsuite> <!-- Test -->
